TN:
SF:src/App.tsx
FN:7,App
FN:15,(anonymous_1)
FNF:2
FNH:1
FNDA:1,App
FNDA:0,(anonymous_1)
DA:8,1
DA:10,1
DA:16,0
LF:3
LH:2
BRDA:19,0,0,1
BRDA:19,0,1,0
BRDA:22,1,0,1
BRDA:22,1,1,0
BRF:4
BRH:2
end_of_record
TN:
SF:src/interfaces/question.ts
FNF:0
FNH:0
LF:0
LH:0
BRF:0
BRH:0
end_of_record
TN:
SF:src/interfaces/quiz.ts
FNF:0
FNH:0
LF:0
LH:0
BRF:0
BRH:0
end_of_record
TN:
SF:src/quizzer/AddQuizModal.tsx
FN:4,(anonymous_0)
FN:8,(anonymous_1)
FN:26,(anonymous_2)
FN:35,(anonymous_3)
FN:43,(anonymous_4)
FNF:5
FNH:2
FNDA:32,(anonymous_0)
FNDA:1,(anonymous_1)
FNDA:0,(anonymous_2)
FNDA:0,(anonymous_3)
FNDA:0,(anonymous_4)
DA:4,2
DA:5,32
DA:6,32
DA:8,32
DA:9,1
DA:10,1
DA:11,1
DA:12,1
DA:15,32
DA:28,0
DA:36,0
DA:44,0
DA:45,0
DA:46,0
LF:14
LH:9
BRF:0
BRH:0
end_of_record
TN:
SF:src/quizzer/QuestionEdit.tsx
FN:7,(anonymous_0)
FN:23,(anonymous_1)
FN:26,(anonymous_2)
FN:38,(anonymous_3)
FN:48,(anonymous_4)
FN:53,(anonymous_5)
FN:66,(anonymous_6)
FN:89,(anonymous_7)
FN:162,(anonymous_8)
FN:177,(anonymous_9)
FN:196,(anonymous_10)
FN:216,(anonymous_11)
FN:225,(anonymous_12)
FN:241,(anonymous_13)
FN:250,(anonymous_14)
FNF:15
FNH:6
FNDA:54,(anonymous_0)
FNDA:53,(anonymous_1)
FNDA:0,(anonymous_2)
FNDA:1,(anonymous_3)
FNDA:0,(anonymous_4)
FNDA:0,(anonymous_5)
FNDA:0,(anonymous_6)
FNDA:0,(anonymous_7)
FNDA:0,(anonymous_8)
FNDA:81,(anonymous_9)
FNDA:0,(anonymous_10)
FNDA:2,(anonymous_11)
FNDA:0,(anonymous_12)
FNDA:1,(anonymous_13)
FNDA:0,(anonymous_14)
DA:7,2
DA:22,54
DA:23,53
DA:26,54
DA:27,0
DA:29,0
DA:30,0
DA:38,54
DA:39,1
DA:40,1
DA:48,54
DA:49,0
DA:50,0
DA:53,54
DA:57,0
DA:58,0
DA:59,0
DA:66,54
DA:67,0
DA:68,0
DA:69,0
DA:75,54
DA:92,0
DA:165,0
DA:178,81
DA:199,0
DA:217,2
DA:226,0
DA:242,1
DA:251,0
LF:30
LH:14
BRDA:29,0,0,0
BRDA:29,0,1,0
BRDA:62,1,0,0
BRDA:62,1,1,0
BRDA:111,2,0,13
BRDA:111,2,1,41
BRDA:142,3,0,54
BRDA:142,3,1,27
BRDA:157,4,0,54
BRDA:157,4,1,27
BRDA:173,5,0,54
BRDA:173,5,1,27
BRF:12
BRH:8
end_of_record
TN:
SF:src/quizzer/QuizCard.tsx
FN:7,(anonymous_0)
FN:12,(anonymous_1)
FN:21,(anonymous_2)
FNF:3
FNH:3
FNDA:90,(anonymous_0)
FNDA:356,(anonymous_1)
FNDA:10,(anonymous_2)
DA:7,2
DA:11,90
DA:13,356
DA:16,90
DA:22,10
LF:5
LH:5
BRDA:13,0,0,356
BRDA:13,0,1,302
BRDA:13,0,2,160
BRDA:29,1,0,90
BRDA:29,1,1,0
BRF:5
BRH:4
end_of_record
TN:
SF:src/quizzer/QuizEdit.tsx
FN:9,(anonymous_0)
FN:18,(anonymous_1)
FN:21,(anonymous_2)
FN:27,(anonymous_3)
FN:30,(anonymous_4)
FN:35,(anonymous_5)
FN:39,(anonymous_6)
FN:43,(anonymous_7)
FN:61,(anonymous_8)
FN:78,(anonymous_9)
FN:93,(anonymous_10)
FN:101,(anonymous_11)
FN:117,(anonymous_12)
FN:143,(anonymous_13)
FN:156,(anonymous_14)
FNF:15
FNH:11
FNDA:13,(anonymous_0)
FNDA:2,(anonymous_1)
FNDA:8,(anonymous_2)
FNDA:0,(anonymous_3)
FNDA:0,(anonymous_4)
FNDA:5,(anonymous_5)
FNDA:2,(anonymous_6)
FNDA:8,(anonymous_7)
FNDA:0,(anonymous_8)
FNDA:2,(anonymous_9)
FNDA:0,(anonymous_10)
FNDA:54,(anonymous_11)
FNDA:1,(anonymous_12)
FNDA:5,(anonymous_13)
FNDA:1,(anonymous_14)
DA:9,2
DA:16,13
DA:18,13
DA:19,2
DA:22,8
DA:27,13
DA:28,0
DA:30,0
DA:35,13
DA:36,5
DA:39,13
DA:40,2
DA:44,8
DA:45,6
DA:46,4
DA:52,13
DA:64,0
DA:81,2
DA:94,0
DA:102,54
DA:118,1
DA:144,5
DA:145,5
DA:157,1
DA:158,1
LF:25
LH:21
BRDA:22,0,0,2
BRDA:22,0,1,6
BRDA:44,1,0,2
BRDA:44,1,1,6
BRDA:45,2,0,2
BRDA:45,2,1,4
BRF:6
BRH:6
end_of_record
TN:
SF:src/quizzer/QuizExpanded.tsx
FN:9,(anonymous_0)
FN:16,(anonymous_1)
FN:25,(anonymous_2)
FN:32,(anonymous_3)
FN:36,(anonymous_4)
FN:37,(anonymous_5)
FN:40,(anonymous_6)
FN:45,(anonymous_7)
FN:52,(anonymous_8)
FN:55,(anonymous_9)
FN:81,(anonymous_10)
FN:98,(anonymous_11)
FNF:12
FNH:12
FNDA:20,(anonymous_0)
FNDA:81,(anonymous_1)
FNDA:2,(anonymous_2)
FNDA:46,(anonymous_3)
FNDA:2,(anonymous_4)
FNDA:2,(anonymous_5)
FNDA:7,(anonymous_6)
FNDA:28,(anonymous_7)
FNDA:2,(anonymous_8)
FNDA:8,(anonymous_9)
FNDA:6,(anonymous_10)
FNDA:46,(anonymous_11)
DA:9,2
DA:15,20
DA:17,81
DA:20,20
DA:21,20
DA:25,20
DA:26,2
DA:27,2
DA:28,2
DA:31,20
DA:32,46
DA:36,20
DA:37,2
DA:40,20
DA:41,7
DA:42,7
DA:45,28
DA:49,7
DA:52,20
DA:53,2
DA:56,8
DA:57,2
DA:60,6
DA:67,20
DA:82,6
DA:83,6
DA:99,46
LF:27
LH:27
BRDA:17,0,0,81
BRDA:17,0,1,72
BRDA:17,0,2,44
BRDA:56,1,0,2
BRDA:56,1,1,6
BRDA:74,2,0,20
BRDA:74,2,1,0
BRF:7
BRH:6
end_of_record
TN:
SF:src/quizzer/QuizList.tsx
FN:8,(anonymous_0)
FN:16,(anonymous_1)
FN:20,(anonymous_2)
FN:28,(anonymous_3)
FN:40,(anonymous_4)
FNF:5
FNH:5
FNDA:42,(anonymous_0)
FNDA:10,(anonymous_1)
FNDA:1,(anonymous_2)
FNDA:90,(anonymous_3)
FNDA:210,(anonymous_4)
DA:8,2
DA:14,42
DA:16,42
DA:17,10
DA:20,42
DA:21,1
DA:24,42
DA:29,90
DA:41,210
DA:42,24
LF:10
LH:10
BRDA:26,0,0,42
BRDA:26,0,1,18
BRDA:41,1,0,24
BRDA:41,1,1,186
BRF:4
BRH:4
end_of_record
TN:
SF:src/quizzer/QuizQuestion.tsx
FN:8,(anonymous_0)
FN:16,(anonymous_1)
FN:22,(anonymous_2)
FN:54,(anonymous_3)
FNF:4
FNH:4
FNDA:46,(anonymous_0)
FNDA:2,(anonymous_1)
FNDA:2,(anonymous_2)
FNDA:72,(anonymous_3)
DA:8,2
DA:16,46
DA:17,2
DA:18,2
DA:22,46
DA:23,2
DA:24,2
DA:25,2
DA:29,46
DA:55,72
LF:10
LH:10
BRDA:17,0,0,2
BRDA:17,0,1,0
BRDA:24,1,0,2
BRDA:24,1,1,0
BRDA:38,2,0,3
BRDA:38,2,1,43
BRDA:42,3,0,46
BRDA:42,3,1,22
BRDA:51,4,0,46
BRDA:51,4,1,24
BRDA:69,5,0,2
BRDA:69,5,1,44
BRDA:70,6,0,4
BRDA:70,6,1,42
BRF:14
BRH:12
end_of_record
TN:
SF:src/quizzer/QuizView.tsx
FN:8,(anonymous_0)
FN:16,(anonymous_1)
FNF:2
FNH:2
FNDA:24,(anonymous_0)
FNDA:11,(anonymous_1)
DA:8,2
DA:14,24
DA:16,24
DA:17,11
DA:20,24
LF:5
LH:5
BRDA:22,0,0,24
BRDA:22,0,1,6
BRDA:31,1,0,24
BRDA:31,1,1,18
BRF:4
BRH:4
end_of_record
TN:
SF:src/quizzer/Quizzer.tsx
FN:11,(anonymous_0)
FN:14,(anonymous_1)
FN:23,(anonymous_2)
FN:27,editQuiz
FN:29,(anonymous_4)
FN:33,addQuiz
FN:38,deleteQuiz
FN:39,(anonymous_7)
FN:42,(anonymous_8)
FN:43,(anonymous_9)
FNF:10
FNH:10
FNDA:10,(anonymous_0)
FNDA:40,(anonymous_1)
FNDA:33,(anonymous_2)
FNDA:14,editQuiz
FNDA:70,(anonymous_4)
FNDA:1,addQuiz
FNDA:1,deleteQuiz
FNDA:5,(anonymous_7)
FNDA:1,(anonymous_8)
FNDA:1,(anonymous_9)
DA:10,2
DA:11,10
DA:14,40
DA:23,2
DA:24,33
DA:25,32
DA:28,14
DA:29,70
DA:34,1
DA:35,1
DA:39,5
DA:42,32
DA:43,32
DA:45,32
LF:14
LH:14
BRDA:29,0,0,14
BRDA:29,0,1,56
BRF:2
BRH:2
end_of_record
